lStarted GET "/goals" for ::1 at 2020-11-23 20:58:01 -0500
Processing by GoalsController#index as HTML
  [1m[36mGoal Load (0.8ms)[0m  [1m[34mSELECT "goals".* FROM "goals"[0m
  ↳ app/controllers/goals_controller.rb:4:in `index'
Completed 200 OK in 13ms (Views: 1.0ms | ActiveRecord: 0.8ms | Allocations: 1543)


Started GET "/goals" for ::1 at 2020-11-23 20:58:06 -0500
Processing by GoalsController#index as HTML
  [1m[36mGoal Load (0.4ms)[0m  [1m[34mSELECT "goals".* FROM "goals"[0m
  ↳ app/controllers/goals_controller.rb:4:in `index'
Completed 200 OK in 4ms (Views: 0.2ms | ActiveRecord: 0.4ms | Allocations: 1485)


Started GET "/goals" for ::1 at 2020-11-23 20:58:08 -0500
Processing by GoalsController#index as HTML
  [1m[36mGoal Load (1.4ms)[0m  [1m[34mSELECT "goals".* FROM "goals"[0m
  ↳ app/controllers/goals_controller.rb:4:in `index'
Completed 200 OK in 5ms (Views: 0.1ms | ActiveRecord: 1.4ms | Allocations: 1485)


Started GET "/goals" for ::1 at 2020-11-23 20:58:35 -0500
Processing by GoalsController#index as HTML
  [1m[36mGoal Load (0.3ms)[0m  [1m[34mSELECT "goals".* FROM "goals"[0m
  ↳ app/controllers/goals_controller.rb:4:in `index'
Completed 200 OK in 3ms (Views: 0.2ms | ActiveRecord: 0.3ms | Allocations: 1485)


Started GET "/goals" for ::1 at 2020-11-23 20:58:56 -0500
Processing by GoalsController#index as HTML
  [1m[36mGoal Load (0.3ms)[0m  [1m[34mSELECT "goals".* FROM "goals"[0m
  ↳ app/controllers/goals_controller.rb:4:in `index'
Completed 200 OK in 4ms (Views: 0.2ms | ActiveRecord: 0.3ms | Allocations: 1485)


Started GET "/goals" for ::1 at 2020-11-23 20:59:02 -0500
Processing by GoalsController#index as HTML
  [1m[36mGoal Load (0.4ms)[0m  [1m[34mSELECT "goals".* FROM "goals"[0m
  ↳ app/controllers/goals_controller.rb:4:in `index'
Completed 200 OK in 3ms (Views: 0.1ms | ActiveRecord: 0.4ms | Allocations: 1485)


Started GET "/goals" for ::1 at 2020-11-23 20:59:08 -0500
Processing by GoalsController#index as HTML
  [1m[36mGoal Load (0.4ms)[0m  [1m[34mSELECT "goals".* FROM "goals"[0m
  ↳ app/controllers/goals_controller.rb:4:in `index'
Completed 200 OK in 4ms (Views: 0.2ms | ActiveRecord: 0.4ms | Allocations: 1485)


Started GET "/goals" for ::1 at 2020-11-23 20:59:15 -0500
Processing by GoalsController#index as HTML
  [1m[36mGoal Load (1.5ms)[0m  [1m[34mSELECT "goals".* FROM "goals"[0m
  ↳ app/controllers/goals_controller.rb:4:in `index'
Completed 200 OK in 40ms (Views: 0.1ms | ActiveRecord: 1.5ms | Allocations: 1488)


Started GET "/goals" for ::1 at 2020-11-23 21:00:02 -0500
Processing by GoalsController#index as HTML
  [1m[36mGoal Load (0.3ms)[0m  [1m[34mSELECT "goals".* FROM "goals"[0m
  ↳ app/controllers/goals_controller.rb:4:in `index'
Completed 200 OK in 4ms (Views: 0.2ms | ActiveRecord: 0.3ms | Allocations: 1485)


Started GET "/goals" for ::1 at 2020-11-23 21:00:05 -0500
Processing by GoalsController#index as HTML
  [1m[36mGoal Load (0.6ms)[0m  [1m[34mSELECT "goals".* FROM "goals"[0m
  ↳ app/controllers/goals_controller.rb:4:in `index'
Completed 200 OK in 3ms (Views: 0.1ms | ActiveRecord: 0.6ms | Allocations: 1485)


Started GET "/goals" for ::1 at 2020-11-23 21:00:07 -0500
Processing by GoalsController#index as HTML
  [1m[36mGoal Load (0.4ms)[0m  [1m[34mSELECT "goals".* FROM "goals"[0m
  ↳ app/controllers/goals_controller.rb:4:in `index'
Completed 200 OK in 4ms (Views: 0.2ms | ActiveRecord: 0.4ms | Allocations: 1485)


Started GET "/goals" for ::1 at 2020-11-23 21:00:09 -0500
Processing by GoalsController#index as HTML
  [1m[36mGoal Load (0.5ms)[0m  [1m[34mSELECT "goals".* FROM "goals"[0m
  ↳ app/controllers/goals_controller.rb:4:in `index'
Completed 200 OK in 3ms (Views: 0.1ms | ActiveRecord: 0.5ms | Allocations: 1485)


Started GET "/goals" for ::1 at 2020-11-23 21:00:29 -0500
Processing by GoalsController#index as HTML
  [1m[36mGoal Load (0.9ms)[0m  [1m[34mSELECT "goals".* FROM "goals"[0m
  ↳ app/controllers/goals_controller.rb:4:in `index'
Completed 200 OK in 4ms (Views: 0.1ms | ActiveRecord: 0.9ms | Allocations: 1485)


Started GET "/goals" for ::1 at 2020-11-23 21:00:30 -0500
Processing by GoalsController#index as HTML
  [1m[36mGoal Load (0.3ms)[0m  [1m[34mSELECT "goals".* FROM "goals"[0m
  ↳ app/controllers/goals_controller.rb:4:in `index'
Completed 200 OK in 2ms (Views: 0.1ms | ActiveRecord: 0.3ms | Allocations: 1485)


Started GET "/goals" for ::1 at 2020-11-23 21:00:55 -0500
Processing by GoalsController#index as HTML
  [1m[36mGoal Load (0.4ms)[0m  [1m[34mSELECT "goals".* FROM "goals"[0m
  ↳ app/controllers/goals_controller.rb:4:in `index'
Completed 200 OK in 3ms (Views: 0.2ms | ActiveRecord: 0.4ms | Allocations: 1485)


Started GET "/goals" for ::1 at 2020-11-23 21:05:45 -0500
Processing by GoalsController#index as HTML
  [1m[36mGoal Load (0.4ms)[0m  [1m[34mSELECT "goals".* FROM "goals"[0m
  ↳ app/controllers/goals_controller.rb:4:in `index'
Completed 200 OK in 4ms (Views: 0.2ms | ActiveRecord: 0.4ms | Allocations: 1485)


Started GET "/goals" for ::1 at 2020-11-23 21:05:50 -0500
Processing by GoalsController#index as HTML
  [1m[36mGoal Load (2.7ms)[0m  [1m[34mSELECT "goals".* FROM "goals"[0m
  ↳ app/controllers/goals_controller.rb:4:in `index'
Completed 200 OK in 7ms (Views: 0.1ms | ActiveRecord: 2.7ms | Allocations: 1485)


Started GET "/goals" for ::1 at 2020-11-23 21:06:13 -0500
Processing by GoalsController#index as HTML
  [1m[36mGoal Load (0.4ms)[0m  [1m[34mSELECT "goals".* FROM "goals"[0m
  ↳ app/controllers/goals_controller.rb:4:in `index'
Completed 200 OK in 4ms (Views: 0.2ms | ActiveRecord: 0.4ms | Allocations: 1485)


Started GET "/goals" for ::1 at 2020-11-23 21:06:22 -0500
Processing by GoalsController#index as HTML
  [1m[36mGoal Load (0.4ms)[0m  [1m[34mSELECT "goals".* FROM "goals"[0m
  ↳ app/controllers/goals_controller.rb:4:in `index'
Completed 200 OK in 4ms (Views: 0.2ms | ActiveRecord: 0.4ms | Allocations: 1485)


Started GET "/goals" for ::1 at 2020-11-23 21:07:30 -0500
Processing by GoalsController#index as HTML
  [1m[36mGoal Load (0.3ms)[0m  [1m[34mSELECT "goals".* FROM "goals"[0m
  ↳ app/controllers/goals_controller.rb:4:in `index'
Completed 200 OK in 4ms (Views: 0.2ms | ActiveRecord: 0.3ms | Allocations: 1485)


Started GET "/goals" for ::1 at 2020-11-23 21:07:33 -0500
Processing by GoalsController#index as HTML
  [1m[36mGoal Load (0.3ms)[0m  [1m[34mSELECT "goals".* FROM "goals"[0m
  ↳ app/controllers/goals_controller.rb:4:in `index'
Completed 200 OK in 3ms (Views: 0.2ms | ActiveRecord: 0.3ms | Allocations: 1485)


Started GET "/goals" for ::1 at 2020-11-23 21:08:16 -0500
Processing by GoalsController#index as HTML
  [1m[36mGoal Load (0.4ms)[0m  [1m[34mSELECT "goals".* FROM "goals"[0m
  ↳ app/controllers/goals_controller.rb:4:in `index'
Completed 200 OK in 3ms (Views: 0.1ms | ActiveRecord: 0.4ms | Allocations: 1485)


Started GET "/goals" for ::1 at 2020-11-23 21:08:19 -0500
Processing by GoalsController#index as HTML
  [1m[36mGoal Load (0.7ms)[0m  [1m[34mSELECT "goals".* FROM "goals"[0m
  ↳ app/controllers/goals_controller.rb:4:in `index'
Completed 200 OK in 4ms (Views: 0.2ms | ActiveRecord: 0.7ms | Allocations: 1485)


Started POST "/user" for ::1 at 2020-11-23 21:08:34 -0500
  
ActionController::RoutingError (No route matches [POST] "/user"):
  
actionpack (6.0.3.4) lib/action_dispatch/middleware/debug_exceptions.rb:36:in `call'
actionpack (6.0.3.4) lib/action_dispatch/middleware/show_exceptions.rb:33:in `call'
railties (6.0.3.4) lib/rails/rack/logger.rb:37:in `call_app'
railties (6.0.3.4) lib/rails/rack/logger.rb:26:in `block in call'
activesupport (6.0.3.4) lib/active_support/tagged_logging.rb:80:in `block in tagged'
activesupport (6.0.3.4) lib/active_support/tagged_logging.rb:28:in `tagged'
activesupport (6.0.3.4) lib/active_support/tagged_logging.rb:80:in `tagged'
railties (6.0.3.4) lib/rails/rack/logger.rb:26:in `call'
actionpack (6.0.3.4) lib/action_dispatch/middleware/remote_ip.rb:81:in `call'
actionpack (6.0.3.4) lib/action_dispatch/middleware/request_id.rb:27:in `call'
rack (2.2.3) lib/rack/runtime.rb:22:in `call'
activesupport (6.0.3.4) lib/active_support/cache/strategy/local_cache_middleware.rb:29:in `call'
actionpack (6.0.3.4) lib/action_dispatch/middleware/executor.rb:14:in `call'
actionpack (6.0.3.4) lib/action_dispatch/middleware/static.rb:126:in `call'
rack (2.2.3) lib/rack/sendfile.rb:110:in `call'
actionpack (6.0.3.4) lib/action_dispatch/middleware/host_authorization.rb:82:in `call'
rack-cors (1.1.1) lib/rack/cors.rb:100:in `call'
railties (6.0.3.4) lib/rails/engine.rb:527:in `call'
puma (4.3.6) lib/puma/configuration.rb:228:in `call'
puma (4.3.6) lib/puma/server.rb:713:in `handle_request'
puma (4.3.6) lib/puma/server.rb:472:in `process_client'
puma (4.3.6) lib/puma/server.rb:328:in `block in run'
puma (4.3.6) lib/puma/thread_pool.rb:134:in `block in spawn_thread'
Started GET "/" for ::1 at 2020-11-23 21:11:37 -0500
Processing by Rails::WelcomeController#index as HTML
  Rendering /Users/aysikh/.rvm/gems/ruby-2.6.1/gems/railties-6.0.3.4/lib/rails/templates/rails/welcome/index.html.erb
  Rendered /Users/aysikh/.rvm/gems/ruby-2.6.1/gems/railties-6.0.3.4/lib/rails/templates/rails/welcome/index.html.erb (Duration: 8.9ms | Allocations: 315)
Completed 200 OK in 21ms (Views: 13.7ms | ActiveRecord: 0.0ms | Allocations: 1588)


Started GET "/users" for ::1 at 2020-11-23 21:11:38 -0500
Processing by UsersController#index as HTML
  [1m[36mUser Load (4.0ms)[0m  [1m[34mSELECT "users".* FROM "users"[0m
  ↳ app/controllers/users_controller.rb:6:in `index'
Completed 200 OK in 34ms (Views: 4.5ms | ActiveRecord: 9.2ms | Allocations: 3593)


Started GET "/favicon.ico" for ::1 at 2020-11-23 21:11:39 -0500
  
ActionController::RoutingError (No route matches [GET] "/favicon.ico"):
  
actionpack (6.0.3.4) lib/action_dispatch/middleware/debug_exceptions.rb:36:in `call'
actionpack (6.0.3.4) lib/action_dispatch/middleware/show_exceptions.rb:33:in `call'
railties (6.0.3.4) lib/rails/rack/logger.rb:37:in `call_app'
railties (6.0.3.4) lib/rails/rack/logger.rb:26:in `block in call'
activesupport (6.0.3.4) lib/active_support/tagged_logging.rb:80:in `block in tagged'
activesupport (6.0.3.4) lib/active_support/tagged_logging.rb:28:in `tagged'
activesupport (6.0.3.4) lib/active_support/tagged_logging.rb:80:in `tagged'
railties (6.0.3.4) lib/rails/rack/logger.rb:26:in `call'
actionpack (6.0.3.4) lib/action_dispatch/middleware/remote_ip.rb:81:in `call'
actionpack (6.0.3.4) lib/action_dispatch/middleware/request_id.rb:27:in `call'
rack (2.2.3) lib/rack/runtime.rb:22:in `call'
activesupport (6.0.3.4) lib/active_support/cache/strategy/local_cache_middleware.rb:29:in `call'
actionpack (6.0.3.4) lib/action_dispatch/middleware/executor.rb:14:in `call'
actionpack (6.0.3.4) lib/action_dispatch/middleware/static.rb:126:in `call'
rack (2.2.3) lib/rack/sendfile.rb:110:in `call'
actionpack (6.0.3.4) lib/action_dispatch/middleware/host_authorization.rb:82:in `call'
rack-cors (1.1.1) lib/rack/cors.rb:100:in `call'
railties (6.0.3.4) lib/rails/engine.rb:527:in `call'
puma (4.3.6) lib/puma/configuration.rb:228:in `call'
puma (4.3.6) lib/puma/server.rb:713:in `handle_request'
puma (4.3.6) lib/puma/server.rb:472:in `process_client'
puma (4.3.6) lib/puma/server.rb:328:in `block in run'
puma (4.3.6) lib/puma/thread_pool.rb:134:in `block in spawn_thread'
Started GET "/goals" for ::1 at 2020-11-23 21:11:55 -0500
Processing by GoalsController#index as HTML
  [1m[36mGoal Load (0.9ms)[0m  [1m[34mSELECT "goals".* FROM "goals"[0m
  ↳ app/controllers/goals_controller.rb:4:in `index'
Completed 200 OK in 9ms (Views: 0.1ms | ActiveRecord: 0.9ms | Allocations: 1519)


Started POST "/users" for ::1 at 2020-11-23 21:11:58 -0500
Processing by UsersController#create as */*
  Parameters: {"name"=>"hello", "password"=>"[FILTERED]", "goals"=>{"Reduce Anxiety"=>true, "Dietary Health"=>true, "Build Self-Esteem"=>true}, "user"=>{"name"=>"hello"}}
  [1m[35m (1.1ms)[0m  [1m[35mBEGIN[0m
  ↳ app/controllers/users_controller.rb:33:in `create'
  [1m[36mUser Exists? (8.0ms)[0m  [1m[34mSELECT 1 AS one FROM "users" WHERE "users"."name" = $1 LIMIT $2[0m  [["name", "hello"], ["LIMIT", 1]]
  ↳ app/controllers/users_controller.rb:33:in `create'
  [1m[36mUser Exists? (0.3ms)[0m  [1m[34mSELECT 1 AS one FROM "users" WHERE "users"."email" IS NULL LIMIT $1[0m  [["LIMIT", 1]]
  ↳ app/controllers/users_controller.rb:33:in `create'
  [1m[35m (1.9ms)[0m  [1m[31mROLLBACK[0m
  ↳ app/controllers/users_controller.rb:33:in `create'
Completed 200 OK in 72ms (Views: 1.1ms | ActiveRecord: 15.5ms | Allocations: 12547)


Started GET "/goals" for ::1 at 2020-11-23 21:12:34 -0500
Processing by GoalsController#index as HTML
  [1m[36mGoal Load (0.3ms)[0m  [1m[34mSELECT "goals".* FROM "goals"[0m
  ↳ app/controllers/goals_controller.rb:4:in `index'
Completed 200 OK in 34ms (Views: 0.1ms | ActiveRecord: 0.3ms | Allocations: 1488)


Started GET "/goals" for ::1 at 2020-11-23 21:12:42 -0500
Processing by GoalsController#index as HTML
  [1m[36mGoal Load (0.5ms)[0m  [1m[34mSELECT "goals".* FROM "goals"[0m
  ↳ app/controllers/goals_controller.rb:4:in `index'
Completed 200 OK in 3ms (Views: 0.1ms | ActiveRecord: 0.5ms | Allocations: 1485)


Started GET "/goals" for ::1 at 2020-11-23 21:12:53 -0500
Processing by GoalsController#index as HTML
  [1m[36mGoal Load (3.0ms)[0m  [1m[34mSELECT "goals".* FROM "goals"[0m
  ↳ app/controllers/goals_controller.rb:4:in `index'
Completed 200 OK in 7ms (Views: 0.2ms | ActiveRecord: 3.0ms | Allocations: 1485)


Started GET "/goals" for ::1 at 2020-11-23 21:13:31 -0500
Processing by GoalsController#index as HTML
  [1m[36mGoal Load (0.4ms)[0m  [1m[34mSELECT "goals".* FROM "goals"[0m
  ↳ app/controllers/goals_controller.rb:4:in `index'
Completed 200 OK in 4ms (Views: 0.1ms | ActiveRecord: 0.4ms | Allocations: 1485)


Started GET "/goals" for ::1 at 2020-11-23 21:13:37 -0500
Processing by GoalsController#index as HTML
  [1m[36mGoal Load (0.4ms)[0m  [1m[34mSELECT "goals".* FROM "goals"[0m
  ↳ app/controllers/goals_controller.rb:4:in `index'
Completed 200 OK in 3ms (Views: 0.1ms | ActiveRecord: 0.4ms | Allocations: 1485)


Started GET "/goals" for ::1 at 2020-11-23 21:13:51 -0500
Processing by GoalsController#index as HTML
  [1m[36mGoal Load (1.9ms)[0m  [1m[34mSELECT "goals".* FROM "goals"[0m
  ↳ app/controllers/goals_controller.rb:4:in `index'
Completed 200 OK in 5ms (Views: 0.1ms | ActiveRecord: 1.9ms | Allocations: 1485)


Started GET "/goals" for ::1 at 2020-11-23 21:13:54 -0500
Processing by GoalsController#index as HTML
  [1m[36mGoal Load (0.3ms)[0m  [1m[34mSELECT "goals".* FROM "goals"[0m
  ↳ app/controllers/goals_controller.rb:4:in `index'
Completed 200 OK in 4ms (Views: 0.1ms | ActiveRecord: 0.3ms | Allocations: 1485)


Started GET "/goals" for ::1 at 2020-11-23 21:13:55 -0500
Processing by GoalsController#index as HTML
  [1m[36mGoal Load (0.4ms)[0m  [1m[34mSELECT "goals".* FROM "goals"[0m
  ↳ app/controllers/goals_controller.rb:4:in `index'
Completed 200 OK in 4ms (Views: 0.2ms | ActiveRecord: 0.4ms | Allocations: 1485)


Started GET "/goals" for ::1 at 2020-11-23 21:13:57 -0500
Processing by GoalsController#index as HTML
  [1m[36mGoal Load (1.7ms)[0m  [1m[34mSELECT "goals".* FROM "goals"[0m
  ↳ app/controllers/goals_controller.rb:4:in `index'
Completed 200 OK in 4ms (Views: 0.1ms | ActiveRecord: 1.7ms | Allocations: 1485)


Started GET "/goals" for ::1 at 2020-11-23 21:17:39 -0500
Processing by GoalsController#index as HTML
  [1m[36mGoal Load (0.4ms)[0m  [1m[34mSELECT "goals".* FROM "goals"[0m
  ↳ app/controllers/goals_controller.rb:4:in `index'
Completed 200 OK in 5ms (Views: 0.2ms | ActiveRecord: 0.4ms | Allocations: 1485)


Started GET "/goals" for ::1 at 2020-11-23 21:17:43 -0500
Processing by GoalsController#index as HTML
  [1m[36mGoal Load (0.3ms)[0m  [1m[34mSELECT "goals".* FROM "goals"[0m
  ↳ app/controllers/goals_controller.rb:4:in `index'
Completed 200 OK in 3ms (Views: 0.1ms | ActiveRecord: 0.3ms | Allocations: 1485)


Started GET "/goals" for ::1 at 2020-11-23 21:30:18 -0500
Processing by GoalsController#index as HTML
  [1m[36mGoal Load (1.6ms)[0m  [1m[34mSELECT "goals".* FROM "goals"[0m
  ↳ app/controllers/goals_controller.rb:4:in `index'
Completed 200 OK in 7ms (Views: 0.2ms | ActiveRecord: 1.6ms | Allocations: 1543)


Started GET "/goals" for ::1 at 2020-11-23 21:30:20 -0500
Processing by GoalsController#index as HTML
  [1m[36mGoal Load (0.5ms)[0m  [1m[34mSELECT "goals".* FROM "goals"[0m
  ↳ app/controllers/goals_controller.rb:4:in `index'
Completed 200 OK in 6ms (Views: 0.3ms | ActiveRecord: 0.5ms | Allocations: 1485)


Started GET "/goals" for ::1 at 2020-11-23 21:31:17 -0500
Processing by GoalsController#index as HTML
  [1m[36mGoal Load (0.4ms)[0m  [1m[34mSELECT "goals".* FROM "goals"[0m
  ↳ app/controllers/goals_controller.rb:4:in `index'
Completed 200 OK in 5ms (Views: 0.2ms | ActiveRecord: 0.4ms | Allocations: 1485)


Started GET "/goals" for ::1 at 2020-11-23 21:31:23 -0500
Processing by GoalsController#index as HTML
  [1m[36mGoal Load (0.3ms)[0m  [1m[34mSELECT "goals".* FROM "goals"[0m
  ↳ app/controllers/goals_controller.rb:4:in `index'
Completed 200 OK in 3ms (Views: 0.1ms | ActiveRecord: 0.3ms | Allocations: 1485)


Started GET "/goals" for ::1 at 2020-11-23 21:31:29 -0500
Processing by GoalsController#index as HTML
  [1m[36mGoal Load (3.6ms)[0m  [1m[34mSELECT "goals".* FROM "goals"[0m
  ↳ app/controllers/goals_controller.rb:4:in `index'
Completed 200 OK in 8ms (Views: 0.1ms | ActiveRecord: 3.6ms | Allocations: 1485)


Started GET "/" for ::1 at 2020-11-23 21:31:40 -0500
Processing by Rails::WelcomeController#index as HTML
  Rendering /Users/aysikh/.rvm/gems/ruby-2.6.1/gems/railties-6.0.3.4/lib/rails/templates/rails/welcome/index.html.erb
  Rendered /Users/aysikh/.rvm/gems/ruby-2.6.1/gems/railties-6.0.3.4/lib/rails/templates/rails/welcome/index.html.erb (Duration: 8.6ms | Allocations: 196)
Completed 200 OK in 17ms (Views: 11.0ms | ActiveRecord: 0.0ms | Allocations: 739)


Started GET "/users" for ::1 at 2020-11-23 21:31:41 -0500
Processing by UsersController#index as HTML
  [1m[36mUser Load (1.2ms)[0m  [1m[34mSELECT "users".* FROM "users"[0m
  ↳ app/controllers/users_controller.rb:6:in `index'
Completed 200 OK in 4ms (Views: 2.8ms | ActiveRecord: 1.2ms | Allocations: 872)


Started GET "/goals" for ::1 at 2020-11-23 21:32:07 -0500
Processing by GoalsController#index as HTML
  [1m[36mGoal Load (0.4ms)[0m  [1m[34mSELECT "goals".* FROM "goals"[0m
  ↳ app/controllers/goals_controller.rb:4:in `index'
Completed 200 OK in 3ms (Views: 0.2ms | ActiveRecord: 0.4ms | Allocations: 1485)


Started POST "/users" for ::1 at 2020-11-23 21:32:53 -0500
Processing by UsersController#create as */*
  Parameters: {"name"=>"Amy", "password"=>"[FILTERED]", "goals"=>{"Increase Happiness"=>true, "Build Self-Esteem"=>true, "Manage Stress"=>true}, "user"=>{"name"=>"Amy"}}
  [1m[35m (0.2ms)[0m  [1m[35mBEGIN[0m
  ↳ app/controllers/users_controller.rb:33:in `create'
  [1m[36mUser Exists? (0.8ms)[0m  [1m[34mSELECT 1 AS one FROM "users" WHERE "users"."name" = $1 LIMIT $2[0m  [["name", "Amy"], ["LIMIT", 1]]
  ↳ app/controllers/users_controller.rb:33:in `create'
  [1m[36mUser Exists? (0.5ms)[0m  [1m[34mSELECT 1 AS one FROM "users" WHERE "users"."email" IS NULL LIMIT $1[0m  [["LIMIT", 1]]
  ↳ app/controllers/users_controller.rb:33:in `create'
  [1m[35m (0.2ms)[0m  [1m[31mROLLBACK[0m
  ↳ app/controllers/users_controller.rb:33:in `create'
Completed 200 OK in 13ms (Views: 0.2ms | ActiveRecord: 1.7ms | Allocations: 5154)


Started GET "/goals" for ::1 at 2020-11-23 21:33:28 -0500
Processing by GoalsController#index as HTML
  [1m[36mGoal Load (0.3ms)[0m  [1m[34mSELECT "goals".* FROM "goals"[0m
  ↳ app/controllers/goals_controller.rb:4:in `index'
Completed 200 OK in 3ms (Views: 0.1ms | ActiveRecord: 0.3ms | Allocations: 1485)


Started GET "/goals" for ::1 at 2020-11-23 21:34:03 -0500
Processing by GoalsController#index as HTML
  [1m[36mGoal Load (0.5ms)[0m  [1m[34mSELECT "goals".* FROM "goals"[0m
  ↳ app/controllers/goals_controller.rb:4:in `index'
Completed 200 OK in 4ms (Views: 0.1ms | ActiveRecord: 0.5ms | Allocations: 1485)


Started GET "/goals" for ::1 at 2020-11-23 21:34:14 -0500
Processing by GoalsController#index as HTML
  [1m[36mGoal Load (0.4ms)[0m  [1m[34mSELECT "goals".* FROM "goals"[0m
  ↳ app/controllers/goals_controller.rb:4:in `index'
Completed 200 OK in 4ms (Views: 0.1ms | ActiveRecord: 0.4ms | Allocations: 1485)


Started GET "/goals" for ::1 at 2020-11-23 21:34:43 -0500
Processing by GoalsController#index as HTML
  [1m[36mGoal Load (0.5ms)[0m  [1m[34mSELECT "goals".* FROM "goals"[0m
  ↳ app/controllers/goals_controller.rb:4:in `index'
Completed 200 OK in 4ms (Views: 0.1ms | ActiveRecord: 0.5ms | Allocations: 1486)


Started GET "/goals" for ::1 at 2020-11-23 21:34:49 -0500
Processing by GoalsController#index as HTML
  [1m[36mGoal Load (0.2ms)[0m  [1m[34mSELECT "goals".* FROM "goals"[0m
  ↳ app/controllers/goals_controller.rb:4:in `index'
Completed 200 OK in 3ms (Views: 0.1ms | ActiveRecord: 0.2ms | Allocations: 1485)


Started POST "/users" for ::1 at 2020-11-23 21:35:15 -0500
Processing by UsersController#create as */*
  Parameters: {"name"=>"amy", "password"=>"[FILTERED]", "goals"=>{"Dietary Health"=>true}, "user"=>{"name"=>"amy"}}
  [1m[35m (0.2ms)[0m  [1m[35mBEGIN[0m
  ↳ app/controllers/users_controller.rb:33:in `create'
  [1m[36mUser Exists? (0.3ms)[0m  [1m[34mSELECT 1 AS one FROM "users" WHERE "users"."name" = $1 LIMIT $2[0m  [["name", "amy"], ["LIMIT", 1]]
  ↳ app/controllers/users_controller.rb:33:in `create'
  [1m[36mUser Exists? (0.4ms)[0m  [1m[34mSELECT 1 AS one FROM "users" WHERE "users"."email" IS NULL LIMIT $1[0m  [["LIMIT", 1]]
  ↳ app/controllers/users_controller.rb:33:in `create'
  [1m[35m (1.2ms)[0m  [1m[31mROLLBACK[0m
  ↳ app/controllers/users_controller.rb:33:in `create'
Completed 200 OK in 12ms (Views: 0.2ms | ActiveRecord: 2.1ms | Allocations: 5136)


Started GET "/goals" for ::1 at 2020-11-23 21:35:59 -0500
Processing by GoalsController#index as HTML
  [1m[36mGoal Load (0.5ms)[0m  [1m[34mSELECT "goals".* FROM "goals"[0m
  ↳ app/controllers/goals_controller.rb:4:in `index'
Completed 200 OK in 4ms (Views: 0.2ms | ActiveRecord: 0.5ms | Allocations: 1485)


Started GET "/goals" for ::1 at 2020-11-23 21:36:05 -0500
Processing by GoalsController#index as HTML
  [1m[36mGoal Load (1.6ms)[0m  [1m[34mSELECT "goals".* FROM "goals"[0m
  ↳ app/controllers/goals_controller.rb:4:in `index'
Completed 200 OK in 6ms (Views: 0.2ms | ActiveRecord: 1.6ms | Allocations: 1485)


Started GET "/goals" for ::1 at 2020-11-23 21:36:06 -0500
Processing by GoalsController#index as HTML
  [1m[36mGoal Load (0.3ms)[0m  [1m[34mSELECT "goals".* FROM "goals"[0m
  ↳ app/controllers/goals_controller.rb:4:in `index'
Completed 200 OK in 2ms (Views: 0.1ms | ActiveRecord: 0.3ms | Allocations: 1485)


Started GET "/goals" for ::1 at 2020-11-23 21:36:06 -0500
Processing by GoalsController#index as HTML
  [1m[36mGoal Load (0.3ms)[0m  [1m[34mSELECT "goals".* FROM "goals"[0m
  ↳ app/controllers/goals_controller.rb:4:in `index'
Completed 200 OK in 4ms (Views: 0.2ms | ActiveRecord: 0.3ms | Allocations: 1485)


Started GET "/goals" for ::1 at 2020-11-23 21:36:28 -0500
Processing by GoalsController#index as HTML
  [1m[36mGoal Load (0.4ms)[0m  [1m[34mSELECT "goals".* FROM "goals"[0m
  ↳ app/controllers/goals_controller.rb:4:in `index'
Completed 200 OK in 4ms (Views: 0.1ms | ActiveRecord: 0.4ms | Allocations: 1485)


Started POST "/users" for ::1 at 2020-11-23 21:36:39 -0500
Processing by UsersController#create as */*
  Parameters: {"name"=>"amy", "password"=>"[FILTERED]", "goals"=>{"Dietary Health"=>true}, "user"=>{"name"=>"amy"}}
  [1m[35m (0.3ms)[0m  [1m[35mBEGIN[0m
  ↳ app/controllers/users_controller.rb:33:in `create'
  [1m[36mUser Exists? (0.5ms)[0m  [1m[34mSELECT 1 AS one FROM "users" WHERE "users"."name" = $1 LIMIT $2[0m  [["name", "amy"], ["LIMIT", 1]]
  ↳ app/controllers/users_controller.rb:33:in `create'
  [1m[36mUser Exists? (0.4ms)[0m  [1m[34mSELECT 1 AS one FROM "users" WHERE "users"."email" IS NULL LIMIT $1[0m  [["LIMIT", 1]]
  ↳ app/controllers/users_controller.rb:33:in `create'
  [1m[35m (0.2ms)[0m  [1m[31mROLLBACK[0m
  ↳ app/controllers/users_controller.rb:33:in `create'
Completed 200 OK in 12ms (Views: 0.2ms | ActiveRecord: 1.3ms | Allocations: 5134)


Started GET "/goals" for ::1 at 2020-11-23 21:38:13 -0500
Processing by GoalsController#index as HTML
  [1m[36mGoal Load (0.4ms)[0m  [1m[34mSELECT "goals".* FROM "goals"[0m
  ↳ app/controllers/goals_controller.rb:4:in `index'
Completed 200 OK in 3ms (Views: 0.1ms | ActiveRecord: 0.4ms | Allocations: 1485)


Started GET "/goals" for ::1 at 2020-11-23 21:38:43 -0500
Processing by GoalsController#index as HTML
  [1m[36mGoal Load (0.4ms)[0m  [1m[34mSELECT "goals".* FROM "goals"[0m
  ↳ app/controllers/goals_controller.rb:4:in `index'
Completed 200 OK in 2ms (Views: 0.1ms | ActiveRecord: 0.4ms | Allocations: 1485)


Started GET "/goals" for ::1 at 2020-11-23 21:38:51 -0500
Processing by GoalsController#index as HTML
  [1m[36mGoal Load (0.4ms)[0m  [1m[34mSELECT "goals".* FROM "goals"[0m
  ↳ app/controllers/goals_controller.rb:4:in `index'
Completed 200 OK in 3ms (Views: 0.1ms | ActiveRecord: 0.4ms | Allocations: 1485)


Started GET "/goals" for ::1 at 2020-11-23 21:38:54 -0500
Processing by GoalsController#index as HTML
  [1m[36mGoal Load (0.5ms)[0m  [1m[34mSELECT "goals".* FROM "goals"[0m
  ↳ app/controllers/goals_controller.rb:4:in `index'
Completed 200 OK in 4ms (Views: 0.1ms | ActiveRecord: 0.5ms | Allocations: 1485)


Started GET "/goals" for ::1 at 2020-11-23 21:39:21 -0500
Processing by GoalsController#index as HTML
  [1m[36mGoal Load (4.1ms)[0m  [1m[34mSELECT "goals".* FROM "goals"[0m
  ↳ app/controllers/goals_controller.rb:4:in `index'
Completed 200 OK in 6ms (Views: 0.1ms | ActiveRecord: 4.1ms | Allocations: 1485)


Started GET "/goals" for ::1 at 2020-11-23 21:39:45 -0500
Processing by GoalsController#index as HTML
  [1m[36mGoal Load (0.3ms)[0m  [1m[34mSELECT "goals".* FROM "goals"[0m
  ↳ app/controllers/goals_controller.rb:4:in `index'
Completed 200 OK in 3ms (Views: 0.1ms | ActiveRecord: 0.3ms | Allocations: 1485)


Started GET "/goals" for ::1 at 2020-11-23 21:40:21 -0500
Processing by GoalsController#index as HTML
  [1m[36mGoal Load (0.4ms)[0m  [1m[34mSELECT "goals".* FROM "goals"[0m
  ↳ app/controllers/goals_controller.rb:4:in `index'
Completed 200 OK in 4ms (Views: 0.1ms | ActiveRecord: 0.4ms | Allocations: 1485)


Started POST "/users" for ::1 at 2020-11-23 21:40:26 -0500
Processing by UsersController#create as */*
  Parameters: {"name"=>"", "password"=>"[FILTERED]", "goals"=>{}, "user"=>{"name"=>""}}
  [1m[35m (0.4ms)[0m  [1m[35mBEGIN[0m
  ↳ app/controllers/users_controller.rb:33:in `create'
  [1m[36mUser Exists? (0.4ms)[0m  [1m[34mSELECT 1 AS one FROM "users" WHERE "users"."name" = $1 LIMIT $2[0m  [["name", ""], ["LIMIT", 1]]
  ↳ app/controllers/users_controller.rb:33:in `create'
  [1m[36mUser Exists? (0.3ms)[0m  [1m[34mSELECT 1 AS one FROM "users" WHERE "users"."email" IS NULL LIMIT $1[0m  [["LIMIT", 1]]
  ↳ app/controllers/users_controller.rb:33:in `create'
  [1m[35m (0.3ms)[0m  [1m[31mROLLBACK[0m
  ↳ app/controllers/users_controller.rb:33:in `create'
Completed 200 OK in 12ms (Views: 0.1ms | ActiveRecord: 1.4ms | Allocations: 6096)


Started GET "/goals" for ::1 at 2020-11-23 21:40:43 -0500
Processing by GoalsController#index as HTML
  [1m[36mGoal Load (0.5ms)[0m  [1m[34mSELECT "goals".* FROM "goals"[0m
  ↳ app/controllers/goals_controller.rb:4:in `index'
Completed 200 OK in 4ms (Views: 0.2ms | ActiveRecord: 0.5ms | Allocations: 1485)


Started GET "/goals" for ::1 at 2020-11-23 21:41:40 -0500
Processing by GoalsController#index as HTML
  [1m[36mGoal Load (0.4ms)[0m  [1m[34mSELECT "goals".* FROM "goals"[0m
  ↳ app/controllers/goals_controller.rb:4:in `index'
Completed 200 OK in 4ms (Views: 0.2ms | ActiveRecord: 0.4ms | Allocations: 1485)


Started GET "/goals" for ::1 at 2020-11-23 21:41:43 -0500
Processing by GoalsController#index as HTML
  [1m[36mGoal Load (0.3ms)[0m  [1m[34mSELECT "goals".* FROM "goals"[0m
  ↳ app/controllers/goals_controller.rb:4:in `index'
Completed 200 OK in 4ms (Views: 0.2ms | ActiveRecord: 0.3ms | Allocations: 1485)


Started POST "/users" for ::1 at 2020-11-23 21:41:46 -0500
Processing by UsersController#create as */*
  Parameters: {"name"=>"hello", "password"=>"[FILTERED]", "goals"=>{}, "user"=>{"name"=>"hello"}}
  [1m[35m (0.3ms)[0m  [1m[35mBEGIN[0m
  ↳ app/controllers/users_controller.rb:33:in `create'
  [1m[36mUser Exists? (0.5ms)[0m  [1m[34mSELECT 1 AS one FROM "users" WHERE "users"."name" = $1 LIMIT $2[0m  [["name", "hello"], ["LIMIT", 1]]
  ↳ app/controllers/users_controller.rb:33:in `create'
  [1m[36mUser Exists? (0.4ms)[0m  [1m[34mSELECT 1 AS one FROM "users" WHERE "users"."email" IS NULL LIMIT $1[0m  [["LIMIT", 1]]
  ↳ app/controllers/users_controller.rb:33:in `create'
  [1m[35m (0.4ms)[0m  [1m[31mROLLBACK[0m
  ↳ app/controllers/users_controller.rb:33:in `create'
Completed 200 OK in 13ms (Views: 0.2ms | ActiveRecord: 1.6ms | Allocations: 5138)


Started GET "/goals" for ::1 at 2020-11-23 21:41:58 -0500
Processing by GoalsController#index as HTML
  [1m[36mGoal Load (0.4ms)[0m  [1m[34mSELECT "goals".* FROM "goals"[0m
  ↳ app/controllers/goals_controller.rb:4:in `index'
Completed 200 OK in 3ms (Views: 0.2ms | ActiveRecord: 0.4ms | Allocations: 1485)


Started GET "/goals" for ::1 at 2020-11-23 21:43:47 -0500
Processing by GoalsController#index as HTML
  [1m[36mGoal Load (0.3ms)[0m  [1m[34mSELECT "goals".* FROM "goals"[0m
  ↳ app/controllers/goals_controller.rb:4:in `index'
Completed 200 OK in 2ms (Views: 0.1ms | ActiveRecord: 0.3ms | Allocations: 1485)


Started GET "/goals" for ::1 at 2020-11-23 21:44:44 -0500
Processing by GoalsController#index as HTML
  [1m[36mGoal Load (4.1ms)[0m  [1m[34mSELECT "goals".* FROM "goals"[0m
  ↳ app/controllers/goals_controller.rb:4:in `index'
Completed 200 OK in 8ms (Views: 0.2ms | ActiveRecord: 4.1ms | Allocations: 1485)


Started GET "/goals" for ::1 at 2020-11-23 21:44:51 -0500
Processing by GoalsController#index as HTML
  [1m[36mGoal Load (0.3ms)[0m  [1m[34mSELECT "goals".* FROM "goals"[0m
  ↳ app/controllers/goals_controller.rb:4:in `index'
Completed 200 OK in 3ms (Views: 0.2ms | ActiveRecord: 0.3ms | Allocations: 1485)


Started GET "/goals" for ::1 at 2020-11-23 21:45:11 -0500
Processing by GoalsController#index as HTML
  [1m[36mGoal Load (0.7ms)[0m  [1m[34mSELECT "goals".* FROM "goals"[0m
  ↳ app/controllers/goals_controller.rb:4:in `index'
Completed 200 OK in 4ms (Views: 0.1ms | ActiveRecord: 0.7ms | Allocations: 1485)


Started GET "/goals" for ::1 at 2020-11-23 21:45:47 -0500
Processing by GoalsController#index as HTML
  [1m[36mGoal Load (0.3ms)[0m  [1m[34mSELECT "goals".* FROM "goals"[0m
  ↳ app/controllers/goals_controller.rb:4:in `index'
Completed 200 OK in 4ms (Views: 0.2ms | ActiveRecord: 0.3ms | Allocations: 1485)


Started GET "/goals" for ::1 at 2020-11-23 21:45:53 -0500
Processing by GoalsController#index as HTML
  [1m[36mGoal Load (0.4ms)[0m  [1m[34mSELECT "goals".* FROM "goals"[0m
  ↳ app/controllers/goals_controller.rb:4:in `index'
Completed 200 OK in 4ms (Views: 0.7ms | ActiveRecord: 0.4ms | Allocations: 1485)


Started GET "/goals" for ::1 at 2020-11-23 21:45:55 -0500
Processing by GoalsController#index as HTML
  [1m[36mGoal Load (0.5ms)[0m  [1m[34mSELECT "goals".* FROM "goals"[0m
  ↳ app/controllers/goals_controller.rb:4:in `index'
Completed 200 OK in 4ms (Views: 0.1ms | ActiveRecord: 0.5ms | Allocations: 1485)


Started GET "/goals" for ::1 at 2020-11-23 21:46:01 -0500
Processing by GoalsController#index as HTML
  [1m[36mGoal Load (2.1ms)[0m  [1m[34mSELECT "goals".* FROM "goals"[0m
  ↳ app/controllers/goals_controller.rb:4:in `index'
Completed 200 OK in 5ms (Views: 0.1ms | ActiveRecord: 2.1ms | Allocations: 1485)


Started GET "/goals" for ::1 at 2020-11-23 21:46:13 -0500
Processing by GoalsController#index as HTML
  [1m[36mGoal Load (0.4ms)[0m  [1m[34mSELECT "goals".* FROM "goals"[0m
  ↳ app/controllers/goals_controller.rb:4:in `index'
Completed 200 OK in 2ms (Views: 0.1ms | ActiveRecord: 0.4ms | Allocations: 1485)


Started GET "/goals" for ::1 at 2020-11-23 21:46:45 -0500
Processing by GoalsController#index as HTML
  [1m[36mGoal Load (0.7ms)[0m  [1m[34mSELECT "goals".* FROM "goals"[0m
  ↳ app/controllers/goals_controller.rb:4:in `index'
Completed 200 OK in 4ms (Views: 0.1ms | ActiveRecord: 0.7ms | Allocations: 1485)


Started GET "/goals" for ::1 at 2020-11-23 21:46:46 -0500
Processing by GoalsController#index as HTML
  [1m[36mGoal Load (0.2ms)[0m  [1m[34mSELECT "goals".* FROM "goals"[0m
  ↳ app/controllers/goals_controller.rb:4:in `index'
Completed 200 OK in 2ms (Views: 0.1ms | ActiveRecord: 0.2ms | Allocations: 1485)


Started POST "/users" for ::1 at 2020-11-23 21:46:55 -0500
Processing by UsersController#create as */*
  Parameters: {"name"=>"", "email"=>"", "password"=>"[FILTERED]", "goals"=>{}, "user"=>{"name"=>"", "email"=>""}}
  [1m[35m (0.2ms)[0m  [1m[35mBEGIN[0m
  ↳ app/controllers/users_controller.rb:33:in `create'
  [1m[36mUser Exists? (0.3ms)[0m  [1m[34mSELECT 1 AS one FROM "users" WHERE "users"."name" = $1 LIMIT $2[0m  [["name", ""], ["LIMIT", 1]]
  ↳ app/controllers/users_controller.rb:33:in `create'
  [1m[36mUser Exists? (0.4ms)[0m  [1m[34mSELECT 1 AS one FROM "users" WHERE "users"."email" = $1 LIMIT $2[0m  [["email", ""], ["LIMIT", 1]]
  ↳ app/controllers/users_controller.rb:33:in `create'
  [1m[35m (0.4ms)[0m  [1m[31mROLLBACK[0m
  ↳ app/controllers/users_controller.rb:33:in `create'
Completed 200 OK in 12ms (Views: 0.2ms | ActiveRecord: 1.3ms | Allocations: 6018)


Started GET "/goals" for ::1 at 2020-11-23 21:47:19 -0500
Processing by GoalsController#index as HTML
  [1m[36mGoal Load (0.3ms)[0m  [1m[34mSELECT "goals".* FROM "goals"[0m
  ↳ app/controllers/goals_controller.rb:4:in `index'
Completed 200 OK in 4ms (Views: 0.1ms | ActiveRecord: 0.3ms | Allocations: 1485)


Started GET "/goals" for ::1 at 2020-11-23 21:47:24 -0500
Processing by GoalsController#index as HTML
  [1m[36mGoal Load (0.8ms)[0m  [1m[34mSELECT "goals".* FROM "goals"[0m
  ↳ app/controllers/goals_controller.rb:4:in `index'
Completed 200 OK in 4ms (Views: 0.1ms | ActiveRecord: 0.8ms | Allocations: 1485)


Started GET "/goals" for ::1 at 2020-11-23 21:47:29 -0500
Processing by GoalsController#index as HTML
  [1m[36mGoal Load (1.5ms)[0m  [1m[34mSELECT "goals".* FROM "goals"[0m
  ↳ app/controllers/goals_controller.rb:4:in `index'
Completed 200 OK in 5ms (Views: 0.2ms | ActiveRecord: 1.5ms | Allocations: 1485)


Started GET "/goals" for ::1 at 2020-11-23 21:47:31 -0500
Processing by GoalsController#index as HTML
  [1m[36mGoal Load (0.6ms)[0m  [1m[34mSELECT "goals".* FROM "goals"[0m
  ↳ app/controllers/goals_controller.rb:4:in `index'
Completed 200 OK in 3ms (Views: 0.1ms | ActiveRecord: 0.6ms | Allocations: 1485)


Started POST "/users" for ::1 at 2020-11-23 21:47:35 -0500
Processing by UsersController#create as */*
  Parameters: {"name"=>"asd", "email"=>"", "password"=>"[FILTERED]", "goals"=>{}, "user"=>{"name"=>"asd", "email"=>""}}
  [1m[35m (0.2ms)[0m  [1m[35mBEGIN[0m
  ↳ app/controllers/users_controller.rb:33:in `create'
  [1m[36mUser Exists? (0.3ms)[0m  [1m[34mSELECT 1 AS one FROM "users" WHERE "users"."name" = $1 LIMIT $2[0m  [["name", "asd"], ["LIMIT", 1]]
  ↳ app/controllers/users_controller.rb:33:in `create'
  [1m[36mUser Exists? (0.3ms)[0m  [1m[34mSELECT 1 AS one FROM "users" WHERE "users"."email" = $1 LIMIT $2[0m  [["email", ""], ["LIMIT", 1]]
  ↳ app/controllers/users_controller.rb:33:in `create'
  [1m[35m (0.2ms)[0m  [1m[31mROLLBACK[0m
  ↳ app/controllers/users_controller.rb:33:in `create'
Completed 200 OK in 9ms (Views: 0.2ms | ActiveRecord: 1.0ms | Allocations: 5155)


Started GET "/goals" for ::1 at 2020-11-23 21:47:49 -0500
Processing by GoalsController#index as HTML
  [1m[36mGoal Load (0.7ms)[0m  [1m[34mSELECT "goals".* FROM "goals"[0m
  ↳ app/controllers/goals_controller.rb:4:in `index'
Completed 200 OK in 4ms (Views: 0.2ms | ActiveRecord: 0.7ms | Allocations: 1485)


Started POST "/users" for ::1 at 2020-11-23 21:47:51 -0500
Processing by UsersController#create as */*
  Parameters: {"name"=>"asd", "email"=>"", "password"=>"[FILTERED]", "goals"=>{}, "user"=>{"name"=>"asd", "email"=>""}}
  [1m[35m (0.2ms)[0m  [1m[35mBEGIN[0m
  ↳ app/controllers/users_controller.rb:33:in `create'
  [1m[36mUser Exists? (0.3ms)[0m  [1m[34mSELECT 1 AS one FROM "users" WHERE "users"."name" = $1 LIMIT $2[0m  [["name", "asd"], ["LIMIT", 1]]
  ↳ app/controllers/users_controller.rb:33:in `create'
  [1m[36mUser Exists? (0.3ms)[0m  [1m[34mSELECT 1 AS one FROM "users" WHERE "users"."email" = $1 LIMIT $2[0m  [["email", ""], ["LIMIT", 1]]
  ↳ app/controllers/users_controller.rb:33:in `create'
  [1m[35m (0.2ms)[0m  [1m[31mROLLBACK[0m
  ↳ app/controllers/users_controller.rb:33:in `create'
Completed 200 OK in 17ms (Views: 0.2ms | ActiveRecord: 1.0ms | Allocations: 5160)


Started GET "/goals" for ::1 at 2020-11-23 21:48:02 -0500
Processing by GoalsController#index as HTML
  [1m[36mGoal Load (0.3ms)[0m  [1m[34mSELECT "goals".* FROM "goals"[0m
  ↳ app/controllers/goals_controller.rb:4:in `index'
Completed 200 OK in 3ms (Views: 0.1ms | ActiveRecord: 0.3ms | Allocations: 1485)


Started GET "/goals" for ::1 at 2020-11-23 21:48:12 -0500
Processing by GoalsController#index as HTML
  [1m[36mGoal Load (0.3ms)[0m  [1m[34mSELECT "goals".* FROM "goals"[0m
  ↳ app/controllers/goals_controller.rb:4:in `index'
Completed 200 OK in 3ms (Views: 0.2ms | ActiveRecord: 0.3ms | Allocations: 1485)


Started GET "/goals" for ::1 at 2020-11-23 21:48:16 -0500
Processing by GoalsController#index as HTML
  [1m[36mGoal Load (0.3ms)[0m  [1m[34mSELECT "goals".* FROM "goals"[0m
  ↳ app/controllers/goals_controller.rb:4:in `index'
Completed 200 OK in 3ms (Views: 0.2ms | ActiveRecord: 0.3ms | Allocations: 1485)


Started GET "/goals" for ::1 at 2020-11-23 21:48:18 -0500
Processing by GoalsController#index as HTML
  [1m[36mGoal Load (0.4ms)[0m  [1m[34mSELECT "goals".* FROM "goals"[0m
  ↳ app/controllers/goals_controller.rb:4:in `index'
Completed 200 OK in 3ms (Views: 0.3ms | ActiveRecord: 0.4ms | Allocations: 1485)


Started GET "/goals" for ::1 at 2020-11-23 21:48:32 -0500
Processing by GoalsController#index as HTML
  [1m[36mGoal Load (2.9ms)[0m  [1m[34mSELECT "goals".* FROM "goals"[0m
  ↳ app/controllers/goals_controller.rb:4:in `index'
Completed 200 OK in 6ms (Views: 0.1ms | ActiveRecord: 2.9ms | Allocations: 1485)


Started GET "/goals" for ::1 at 2020-11-23 21:48:38 -0500
Processing by GoalsController#index as HTML
  [1m[36mGoal Load (0.4ms)[0m  [1m[34mSELECT "goals".* FROM "goals"[0m
  ↳ app/controllers/goals_controller.rb:4:in `index'
Completed 200 OK in 4ms (Views: 0.4ms | ActiveRecord: 0.4ms | Allocations: 1485)


Started GET "/goals" for ::1 at 2020-11-23 21:48:47 -0500
Processing by GoalsController#index as HTML
  [1m[36mGoal Load (0.3ms)[0m  [1m[34mSELECT "goals".* FROM "goals"[0m
  ↳ app/controllers/goals_controller.rb:4:in `index'
Completed 200 OK in 3ms (Views: 0.1ms | ActiveRecord: 0.3ms | Allocations: 1485)


Started GET "/goals" for ::1 at 2020-11-23 21:49:16 -0500
Processing by GoalsController#index as HTML
  [1m[36mGoal Load (0.3ms)[0m  [1m[34mSELECT "goals".* FROM "goals"[0m
  ↳ app/controllers/goals_controller.rb:4:in `index'
Completed 200 OK in 3ms (Views: 0.1ms | ActiveRecord: 0.3ms | Allocations: 1485)


Started GET "/goals" for ::1 at 2020-11-23 21:49:19 -0500
Processing by GoalsController#index as HTML
  [1m[36mGoal Load (2.8ms)[0m  [1m[34mSELECT "goals".* FROM "goals"[0m
  ↳ app/controllers/goals_controller.rb:4:in `index'
Completed 200 OK in 6ms (Views: 0.2ms | ActiveRecord: 2.8ms | Allocations: 1485)


Started GET "/goals" for ::1 at 2020-11-23 21:50:54 -0500
Processing by GoalsController#index as HTML
  [1m[36mGoal Load (3.8ms)[0m  [1m[34mSELECT "goals".* FROM "goals"[0m
  ↳ app/controllers/goals_controller.rb:4:in `index'
Completed 200 OK in 8ms (Views: 0.1ms | ActiveRecord: 3.8ms | Allocations: 1485)


Started GET "/goals" for ::1 at 2020-11-23 21:51:05 -0500
Processing by GoalsController#index as HTML
  [1m[36mGoal Load (0.4ms)[0m  [1m[34mSELECT "goals".* FROM "goals"[0m
  ↳ app/controllers/goals_controller.rb:4:in `index'
Completed 200 OK in 4ms (Views: 0.2ms | ActiveRecord: 0.4ms | Allocations: 1485)


Started GET "/goals" for ::1 at 2020-11-23 21:51:20 -0500
Processing by GoalsController#index as HTML
  [1m[36mGoal Load (0.4ms)[0m  [1m[34mSELECT "goals".* FROM "goals"[0m
  ↳ app/controllers/goals_controller.rb:4:in `index'
Completed 200 OK in 3ms (Views: 0.1ms | ActiveRecord: 0.4ms | Allocations: 1485)


Started GET "/goals" for ::1 at 2020-11-23 21:51:25 -0500
Processing by GoalsController#index as HTML
  [1m[36mGoal Load (0.5ms)[0m  [1m[34mSELECT "goals".* FROM "goals"[0m
  ↳ app/controllers/goals_controller.rb:4:in `index'
Completed 200 OK in 4ms (Views: 0.2ms | ActiveRecord: 0.5ms | Allocations: 1485)


Started GET "/goals" for ::1 at 2020-11-23 21:51:27 -0500
Processing by GoalsController#index as HTML
  [1m[36mGoal Load (0.3ms)[0m  [1m[34mSELECT "goals".* FROM "goals"[0m
  ↳ app/controllers/goals_controller.rb:4:in `index'
Completed 200 OK in 4ms (Views: 0.2ms | ActiveRecord: 0.3ms | Allocations: 1485)


Started POST "/users" for ::1 at 2020-11-23 21:51:39 -0500
Processing by UsersController#create as */*
  Parameters: {"goals"=>{"Reduce Anxiety"=>true, "Physical Fitness"=>true}, "user"=>{}}
Completed 400 Bad Request in 1ms (ActiveRecord: 0.0ms | Allocations: 134)


  
ActionController::ParameterMissing (param is missing or the value is empty: user):
  
app/controllers/users_controller.rb:54:in `user_params'
app/controllers/users_controller.rb:32:in `create'
Started POST "/users" for ::1 at 2020-11-23 21:53:41 -0500
Processing by UsersController#create as */*
  Parameters: {"goals"=>{"Reduce Anxiety"=>true, "Physical Fitness"=>true}, "user"=>{}}
Completed 400 Bad Request in 1ms (ActiveRecord: 10.5ms | Allocations: 146)


  
ActionController::ParameterMissing (param is missing or the value is empty: user):
  
app/controllers/users_controller.rb:54:in `user_params'
app/controllers/users_controller.rb:32:in `create'
Started GET "/goals" for ::1 at 2020-11-23 21:53:42 -0500
Processing by GoalsController#index as HTML
  [1m[36mGoal Load (0.4ms)[0m  [1m[34mSELECT "goals".* FROM "goals"[0m
  ↳ app/controllers/goals_controller.rb:4:in `index'
Completed 200 OK in 23ms (Views: 0.1ms | ActiveRecord: 8.8ms | Allocations: 5227)


Started POST "/users" for ::1 at 2020-11-23 21:53:49 -0500
Processing by UsersController#create as */*
  Parameters: {"goals"=>{"Increase Happiness"=>true, "Dietary Health"=>true}, "user"=>{}}
Completed 400 Bad Request in 0ms (ActiveRecord: 0.0ms | Allocations: 126)


  
ActionController::ParameterMissing (param is missing or the value is empty: user):
  
app/controllers/users_controller.rb:54:in `user_params'
app/controllers/users_controller.rb:32:in `create'
Started GET "/goals" for ::1 at 2020-11-23 21:54:08 -0500
Processing by GoalsController#index as HTML
  [1m[36mGoal Load (0.4ms)[0m  [1m[34mSELECT "goals".* FROM "goals"[0m
  ↳ app/controllers/goals_controller.rb:4:in `index'
Completed 200 OK in 32ms (Views: 0.3ms | ActiveRecord: 17.5ms | Allocations: 5431)


Started POST "/users" for ::1 at 2020-11-23 21:54:22 -0500
Processing by UsersController#create as */*
  Parameters: {"goals"=>{"Physical Fitness"=>true}, "user"=>{}}
Completed 400 Bad Request in 0ms (ActiveRecord: 1.0ms | Allocations: 137)


  
ActionController::ParameterMissing (param is missing or the value is empty: user):
  
app/controllers/users_controller.rb:54:in `user_params'
app/controllers/users_controller.rb:32:in `create'
Started GET "/goals" for ::1 at 2020-11-23 21:55:40 -0500
Processing by GoalsController#index as HTML
  [1m[36mGoal Load (0.4ms)[0m  [1m[34mSELECT "goals".* FROM "goals"[0m
  ↳ app/controllers/goals_controller.rb:4:in `index'
Completed 200 OK in 14ms (Views: 0.1ms | ActiveRecord: 4.2ms | Allocations: 5429)


Started POST "/users" for ::1 at 2020-11-23 21:55:45 -0500
Processing by UsersController#create as */*
  Parameters: {"goals"=>{"Increase Happiness"=>true, "Dietary Health"=>true}, "user"=>{}}
Completed 500 Internal Server Error in 76470ms (ActiveRecord: 1.0ms | Allocations: 77448)


  
SystemExit (exit):
  
(byebug):1:in `exit'
(byebug):1:in `create'
app/controllers/users_controller.rb:33:in `create'
Started GET "/goals" for ::1 at 2020-11-23 21:57:02 -0500
Processing by GoalsController#index as HTML
  [1m[36mGoal Load (0.6ms)[0m  [1m[34mSELECT "goals".* FROM "goals"[0m
  ↳ app/controllers/goals_controller.rb:4:in `index'
Completed 200 OK in 70ms (Views: 8.7ms | ActiveRecord: 0.6ms | Allocations: 421874)


Started GET "/goals" for ::1 at 2020-11-23 21:57:02 -0500
Processing by GoalsController#index as HTML
  [1m[36mGoal Load (1.6ms)[0m  [1m[34mSELECT "goals".* FROM "goals"[0m
  ↳ app/controllers/goals_controller.rb:4:in `index'
Completed 200 OK in 90ms (Views: 5.0ms | ActiveRecord: 1.6ms | Allocations: 421875)


Started GET "/goals" for ::1 at 2020-11-23 21:57:03 -0500
Processing by GoalsController#index as HTML
  [1m[36mGoal Load (0.8ms)[0m  [1m[34mSELECT "goals".* FROM "goals"[0m
  ↳ app/controllers/goals_controller.rb:4:in `index'
Completed 200 OK in 69ms (Views: 1.2ms | ActiveRecord: 0.8ms | Allocations: 421875)


Started POST "/users" for ::1 at 2020-11-23 21:57:19 -0500
Processing by UsersController#create as */*
  Parameters: {"name"=>"amy", "email"=>"nugget@gmail.com", "password"=>"[FILTERED]", "goals"=>{"Increase Happiness"=>true, "Dietary Health"=>true}, "user"=>{"name"=>"amy", "email"=>"nugget@gmail.com"}}
Started GET "/goals" for ::1 at 2020-11-23 21:58:17 -0500
  [1m[35m (2.1ms)[0m  [1m[34mSELECT "schema_migrations"."version" FROM "schema_migrations" ORDER BY "schema_migrations"."version" ASC[0m
Processing by GoalsController#index as HTML
  [1m[36mGoal Load (1.2ms)[0m  [1m[34mSELECT "goals".* FROM "goals"[0m
  ↳ app/controllers/goals_controller.rb:4:in `index'
Completed 200 OK in 16ms (Views: 0.2ms | ActiveRecord: 4.9ms | Allocations: 6155)


Started POST "/users" for ::1 at 2020-11-23 21:58:29 -0500
Processing by UsersController#create as */*
  Parameters: {"name"=>"amy", "email"=>"nugget@gmail.com", "password"=>"[FILTERED]", "goals"=>{"Increase Happiness"=>true, "Dietary Health"=>true}, "user"=>{"name"=>"amy", "email"=>"nugget@gmail.com"}}
  [1m[35m (0.1ms)[0m  [1m[35mBEGIN[0m
  ↳ app/controllers/users_controller.rb:33:in `create'
  [1m[36mUser Exists? (0.5ms)[0m  [1m[34mSELECT 1 AS one FROM "users" WHERE "users"."name" = $1 LIMIT $2[0m  [["name", "amy"], ["LIMIT", 1]]
  ↳ app/controllers/users_controller.rb:33:in `create'
  [1m[36mUser Exists? (0.3ms)[0m  [1m[34mSELECT 1 AS one FROM "users" WHERE "users"."email" = $1 LIMIT $2[0m  [["email", "nugget@gmail.com"], ["LIMIT", 1]]
  ↳ app/controllers/users_controller.rb:33:in `create'
  [1m[35m (0.2ms)[0m  [1m[31mROLLBACK[0m
  ↳ app/controllers/users_controller.rb:33:in `create'
Completed 200 OK in 41ms (Views: 0.2ms | ActiveRecord: 3.3ms | Allocations: 9763)


Started GET "/" for ::1 at 2020-11-23 22:00:56 -0500
Processing by Rails::WelcomeController#index as HTML
  Rendering /Users/aysikh/.rvm/gems/ruby-2.6.1/gems/railties-6.0.3.4/lib/rails/templates/rails/welcome/index.html.erb
  Rendered /Users/aysikh/.rvm/gems/ruby-2.6.1/gems/railties-6.0.3.4/lib/rails/templates/rails/welcome/index.html.erb (Duration: 8.3ms | Allocations: 315)
Completed 200 OK in 17ms (Views: 11.7ms | ActiveRecord: 0.0ms | Allocations: 2073)


Started GET "/goals" for ::1 at 2020-11-23 22:00:57 -0500
Processing by GoalsController#index as HTML
  [1m[36mGoal Load (0.3ms)[0m  [1m[34mSELECT "goals".* FROM "goals"[0m
  ↳ app/controllers/goals_controller.rb:4:in `index'
Completed 200 OK in 17ms (Views: 0.4ms | ActiveRecord: 3.3ms | Allocations: 5430)


Started GET "/goals" for ::1 at 2020-11-23 22:02:17 -0500
Processing by GoalsController#index as HTML
  [1m[36mGoal Load (0.3ms)[0m  [1m[34mSELECT "goals".* FROM "goals"[0m
  ↳ app/controllers/goals_controller.rb:4:in `index'
Completed 200 OK in 16ms (Views: 0.1ms | ActiveRecord: 3.9ms | Allocations: 5431)


Started POST "/users" for ::1 at 2020-11-23 22:02:25 -0500
Processing by UsersController#create as */*
  Parameters: {"name"=>"amy", "email"=>"nugget@gmail.com", "password"=>"[FILTERED]", "goals"=>{"Build Self-Esteem"=>true, "Dietary Health"=>true}, "user"=>{"name"=>"amy", "email"=>"nugget@gmail.com"}}
Completed 500 Internal Server Error in 298ms (ActiveRecord: 3.1ms | Allocations: 9627)


  
ActiveRecord::AssociationTypeMismatch (Goal(#70127158577820) expected, got ["Build Self-Esteem", true] which is an instance of Array(#70127160966260)):
  
app/controllers/users_controller.rb:32:in `create'
Started GET "/goals" for ::1 at 2020-11-23 22:07:57 -0500
Processing by GoalsController#index as HTML
  [1m[36mGoal Load (0.8ms)[0m  [1m[34mSELECT "goals".* FROM "goals"[0m
  ↳ app/controllers/goals_controller.rb:4:in `index'
Completed 200 OK in 19ms (Views: 0.1ms | ActiveRecord: 4.7ms | Allocations: 5450)


Started POST "/users" for ::1 at 2020-11-23 22:08:04 -0500
Processing by UsersController#create as */*
  Parameters: {"name"=>"amy", "email"=>"nugget@gmail.com", "password"=>"[FILTERED]", "goals"=>{"Increase Happiness"=>true, "Manage Stress"=>true}, "user"=>{"name"=>"amy", "email"=>"nugget@gmail.com"}}
  [1m[35m (0.3ms)[0m  [1m[35mBEGIN[0m
  ↳ app/controllers/users_controller.rb:37:in `create'
  [1m[36mUser Exists? (0.3ms)[0m  [1m[34mSELECT 1 AS one FROM "users" WHERE "users"."name" = $1 LIMIT $2[0m  [["name", "amy"], ["LIMIT", 1]]
  ↳ app/controllers/users_controller.rb:37:in `create'
  [1m[36mUser Exists? (0.2ms)[0m  [1m[34mSELECT 1 AS one FROM "users" WHERE "users"."email" = $1 LIMIT $2[0m  [["email", "nugget@gmail.com"], ["LIMIT", 1]]
  ↳ app/controllers/users_controller.rb:37:in `create'
  [1m[36mUser Create (15.5ms)[0m  [1m[32mINSERT INTO "users" ("name", "email", "password_digest", "created_at", "updated_at") VALUES ($1, $2, $3, $4, $5) RETURNING "id"[0m  [["name", "amy"], ["email", "nugget@gmail.com"], ["password_digest", "$2a$12$EJFVmNzs9f/wq1.0O.bySumeRQJ9IAYCrs9JJ4FqQURIZ0pl19UaC"], ["created_at", "2020-11-24 03:08:04.403341"], ["updated_at", "2020-11-24 03:08:04.403341"]]
  ↳ app/controllers/users_controller.rb:37:in `create'
  [1m[35m (1.7ms)[0m  [1m[35mCOMMIT[0m
  ↳ app/controllers/users_controller.rb:37:in `create'
  [1m[36mGoal Load (0.6ms)[0m  [1m[34mSELECT "goals".* FROM "goals" WHERE "goals"."name" = $1 LIMIT $2[0m  [["name", "Increase Happiness"], ["LIMIT", 1]]
  ↳ app/controllers/users_controller.rb:39:in `block in create'
  [1m[35m (0.2ms)[0m  [1m[35mBEGIN[0m
  ↳ app/controllers/users_controller.rb:40:in `block in create'
  [1m[36mUserGoal Create (2.0ms)[0m  [1m[32mINSERT INTO "user_goals" ("user_id", "goal_id", "created_at", "updated_at") VALUES ($1, $2, $3, $4) RETURNING "id"[0m  [["user_id", 1], ["goal_id", 1], ["created_at", "2020-11-24 03:08:04.440593"], ["updated_at", "2020-11-24 03:08:04.440593"]]
  ↳ app/controllers/users_controller.rb:40:in `block in create'
  [1m[35m (0.3ms)[0m  [1m[35mCOMMIT[0m
  ↳ app/controllers/users_controller.rb:40:in `block in create'
  [1m[36mGoal Load (0.3ms)[0m  [1m[34mSELECT "goals".* FROM "goals" WHERE "goals"."name" = $1 LIMIT $2[0m  [["name", "Manage Stress"], ["LIMIT", 1]]
  ↳ app/controllers/users_controller.rb:39:in `block in create'
  [1m[35m (0.1ms)[0m  [1m[35mBEGIN[0m
  ↳ app/controllers/users_controller.rb:40:in `block in create'
  [1m[36mUserGoal Create (0.4ms)[0m  [1m[32mINSERT INTO "user_goals" ("user_id", "goal_id", "created_at", "updated_at") VALUES ($1, $2, $3, $4) RETURNING "id"[0m  [["user_id", 1], ["goal_id", 7], ["created_at", "2020-11-24 03:08:04.455129"], ["updated_at", "2020-11-24 03:08:04.455129"]]
  ↳ app/controllers/users_controller.rb:40:in `block in create'
  [1m[35m (0.4ms)[0m  [1m[35mCOMMIT[0m
  ↳ app/controllers/users_controller.rb:40:in `block in create'
Completed 200 OK in 333ms (Views: 0.3ms | ActiveRecord: 28.6ms | Allocations: 19344)


Started GET "/users" for ::1 at 2020-11-23 22:08:11 -0500
Processing by UsersController#index as HTML
  [1m[36mUser Load (0.2ms)[0m  [1m[34mSELECT "users".* FROM "users"[0m
  ↳ app/controllers/users_controller.rb:6:in `index'
Completed 200 OK in 2ms (Views: 1.5ms | ActiveRecord: 0.2ms | Allocations: 1024)


Started GET "/goals" for ::1 at 2020-11-23 22:09:44 -0500
Processing by GoalsController#index as HTML
  [1m[36mGoal Load (0.4ms)[0m  [1m[34mSELECT "goals".* FROM "goals"[0m
  ↳ app/controllers/goals_controller.rb:4:in `index'
Completed 200 OK in 13ms (Views: 0.1ms | ActiveRecord: 3.2ms | Allocations: 5433)


Started POST "/users" for ::1 at 2020-11-23 22:09:51 -0500
Processing by UsersController#create as */*
  Parameters: {"name"=>"mark", "email"=>"mark@gmail.com", "password"=>"[FILTERED]", "goals"=>{"Physical Fitness"=>true, "Improve Sleep"=>true, "Improve Productivity"=>true}, "user"=>{"name"=>"mark", "email"=>"mark@gmail.com"}}
  [1m[35m (0.2ms)[0m  [1m[35mBEGIN[0m
  ↳ app/controllers/users_controller.rb:37:in `create'
  [1m[36mUser Exists? (0.3ms)[0m  [1m[34mSELECT 1 AS one FROM "users" WHERE "users"."name" = $1 LIMIT $2[0m  [["name", "mark"], ["LIMIT", 1]]
  ↳ app/controllers/users_controller.rb:37:in `create'
  [1m[36mUser Exists? (0.3ms)[0m  [1m[34mSELECT 1 AS one FROM "users" WHERE "users"."email" = $1 LIMIT $2[0m  [["email", "mark@gmail.com"], ["LIMIT", 1]]
  ↳ app/controllers/users_controller.rb:37:in `create'
  [1m[36mUser Create (0.4ms)[0m  [1m[32mINSERT INTO "users" ("name", "email", "password_digest", "created_at", "updated_at") VALUES ($1, $2, $3, $4, $5) RETURNING "id"[0m  [["name", "mark"], ["email", "mark@gmail.com"], ["password_digest", "$2a$12$SwCozK6suqdZUc6vtSdEser8s/sZYwT7gM2cZ5wpkk7rBnsNmicEm"], ["created_at", "2020-11-24 03:09:51.518866"], ["updated_at", "2020-11-24 03:09:51.518866"]]
  ↳ app/controllers/users_controller.rb:37:in `create'
  [1m[35m (0.4ms)[0m  [1m[35mCOMMIT[0m
  ↳ app/controllers/users_controller.rb:37:in `create'
  [1m[36mGoal Load (0.2ms)[0m  [1m[34mSELECT "goals".* FROM "goals" WHERE "goals"."name" = $1 LIMIT $2[0m  [["name", "Physical Fitness"], ["LIMIT", 1]]
  ↳ app/controllers/users_controller.rb:39:in `block in create'
  [1m[35m (0.2ms)[0m  [1m[35mBEGIN[0m
  ↳ app/controllers/users_controller.rb:40:in `block in create'
  [1m[36mUserGoal Create (0.3ms)[0m  [1m[32mINSERT INTO "user_goals" ("user_id", "goal_id", "created_at", "updated_at") VALUES ($1, $2, $3, $4) RETURNING "id"[0m  [["user_id", 2], ["goal_id", 4], ["created_at", "2020-11-24 03:09:51.531336"], ["updated_at", "2020-11-24 03:09:51.531336"]]
  ↳ app/controllers/users_controller.rb:40:in `block in create'
  [1m[35m (0.4ms)[0m  [1m[35mCOMMIT[0m
  ↳ app/controllers/users_controller.rb:40:in `block in create'
  [1m[36mGoal Load (0.2ms)[0m  [1m[34mSELECT "goals".* FROM "goals" WHERE "goals"."name" = $1 LIMIT $2[0m  [["name", "Improve Sleep"], ["LIMIT", 1]]
  ↳ app/controllers/users_controller.rb:39:in `block in create'
  [1m[35m (0.1ms)[0m  [1m[35mBEGIN[0m
  ↳ app/controllers/users_controller.rb:40:in `block in create'
  [1m[36mUserGoal Create (0.5ms)[0m  [1m[32mINSERT INTO "user_goals" ("user_id", "goal_id", "created_at", "updated_at") VALUES ($1, $2, $3, $4) RETURNING "id"[0m  [["user_id", 2], ["goal_id", 6], ["created_at", "2020-11-24 03:09:51.535962"], ["updated_at", "2020-11-24 03:09:51.535962"]]
  ↳ app/controllers/users_controller.rb:40:in `block in create'
  [1m[35m (0.6ms)[0m  [1m[35mCOMMIT[0m
  ↳ app/controllers/users_controller.rb:40:in `block in create'
  [1m[36mGoal Load (0.4ms)[0m  [1m[34mSELECT "goals".* FROM "goals" WHERE "goals"."name" = $1 LIMIT $2[0m  [["name", "Improve Productivity"], ["LIMIT", 1]]
  ↳ app/controllers/users_controller.rb:39:in `block in create'
  [1m[35m (0.2ms)[0m  [1m[35mBEGIN[0m
  ↳ app/controllers/users_controller.rb:40:in `block in create'
  [1m[36mUserGoal Create (0.3ms)[0m  [1m[32mINSERT INTO "user_goals" ("user_id", "goal_id", "created_at", "updated_at") VALUES ($1, $2, $3, $4) RETURNING "id"[0m  [["user_id", 2], ["goal_id", 8], ["created_at", "2020-11-24 03:09:51.543541"], ["updated_at", "2020-11-24 03:09:51.543541"]]
  ↳ app/controllers/users_controller.rb:40:in `block in create'
  [1m[35m (0.4ms)[0m  [1m[35mCOMMIT[0m
  ↳ app/controllers/users_controller.rb:40:in `block in create'
  [1m[36mGoal Load (3.9ms)[0m  [1m[34mSELECT "goals".* FROM "goals" INNER JOIN "user_goals" ON "goals"."id" = "user_goals"."goal_id" WHERE "user_goals"."user_id" = $1[0m  [["user_id", 2]]
  ↳ app/controllers/users_controller.rb:46:in `create'
Completed 200 OK in 324ms (Views: 12.7ms | ActiveRecord: 13.4ms | Allocations: 25399)


Started GET "/users" for ::1 at 2020-11-23 22:09:54 -0500
Processing by UsersController#index as HTML
  [1m[36mUser Load (0.3ms)[0m  [1m[34mSELECT "users".* FROM "users"[0m
  ↳ app/controllers/users_controller.rb:6:in `index'
Completed 200 OK in 2ms (Views: 1.8ms | ActiveRecord: 0.3ms | Allocations: 1152)


Started GET "/goals" for ::1 at 2020-11-23 22:16:54 -0500
Processing by GoalsController#index as HTML
  [1m[36mGoal Load (1.1ms)[0m  [1m[34mSELECT "goals".* FROM "goals"[0m
  ↳ app/controllers/goals_controller.rb:4:in `index'
Completed 200 OK in 13ms (Views: 0.2ms | ActiveRecord: 1.1ms | Allocations: 5302)


Started GET "/goals" for ::1 at 2020-11-23 22:17:25 -0500
Processing by GoalsController#index as HTML
  [1m[36mGoal Load (0.4ms)[0m  [1m[34mSELECT "goals".* FROM "goals"[0m
  ↳ app/controllers/goals_controller.rb:4:in `index'
Completed 200 OK in 4ms (Views: 0.1ms | ActiveRecord: 0.4ms | Allocations: 1485)


Started GET "/goals" for ::1 at 2020-11-23 22:17:41 -0500
Processing by GoalsController#index as HTML
  [1m[36mGoal Load (0.3ms)[0m  [1m[34mSELECT "goals".* FROM "goals"[0m
  ↳ app/controllers/goals_controller.rb:4:in `index'
Completed 200 OK in 2ms (Views: 0.1ms | ActiveRecord: 0.3ms | Allocations: 1485)


Started POST "/users" for ::1 at 2020-11-23 22:17:58 -0500
Processing by UsersController#create as */*
  Parameters: {"name"=>"amy", "email"=>"nugget@gmail.com", "password"=>"[FILTERED]", "goals"=>{"Build Self-Esteem"=>true}, "user"=>{"name"=>"amy", "email"=>"nugget@gmail.com"}}
  [1m[35m (0.8ms)[0m  [1m[35mBEGIN[0m
  ↳ app/controllers/users_controller.rb:37:in `create'
Started GET "/moods" for ::1 at 2020-11-23 22:17:58 -0500
Started GET "/prompts" for ::1 at 2020-11-23 22:17:58 -0500
  [1m[36mUser Exists? (1.7ms)[0m  [1m[34mSELECT 1 AS one FROM "users" WHERE "users"."name" = $1 LIMIT $2[0m  [["name", "amy"], ["LIMIT", 1]]
  ↳ app/controllers/users_controller.rb:37:in `create'
  [1m[36mUser Exists? (0.4ms)[0m  [1m[34mSELECT 1 AS one FROM "users" WHERE "users"."email" = $1 LIMIT $2[0m  [["email", "nugget@gmail.com"], ["LIMIT", 1]]
  ↳ app/controllers/users_controller.rb:37:in `create'
  [1m[35m (0.4ms)[0m  [1m[31mROLLBACK[0m
  ↳ app/controllers/users_controller.rb:37:in `create'
Completed 200 OK in 293ms (Views: 0.3ms | ActiveRecord: 3.2ms | Allocations: 9919)


Processing by MoodsController#index as HTML
Processing by PromptsController#index as HTML
  [1m[36mMood Load (3.0ms)[0m  [1m[34mSELECT "moods".* FROM "moods"[0m
  ↳ app/controllers/moods_controller.rb:4:in `index'
  [1m[36mPrompt Load (1.7ms)[0m  [1m[34mSELECT "prompts".* FROM "prompts"[0m
  ↳ app/controllers/prompts_controller.rb:4:in `index'
Completed 200 OK in 21ms (Views: 0.1ms | ActiveRecord: 7.8ms | Allocations: 11665)


Completed 200 OK in 24ms (Views: 0.1ms | ActiveRecord: 11.8ms | Allocations: 17279)


Started GET "/prompts" for ::1 at 2020-11-23 22:18:08 -0500
Started GET "/moods" for ::1 at 2020-11-23 22:18:08 -0500
Processing by PromptsController#index as HTML
Processing by MoodsController#index as HTML
  [1m[36mPrompt Load (0.7ms)[0m  [1m[34mSELECT "prompts".* FROM "prompts"[0m
  ↳ app/controllers/prompts_controller.rb:4:in `index'
  [1m[36mMood Load (1.2ms)[0m  [1m[34mSELECT "moods".* FROM "moods"[0m
Completed 200 OK in 21ms (Views: 1.1ms | ActiveRecord: 0.7ms | Allocations: 4791)


  ↳ app/controllers/moods_controller.rb:4:in `index'
Completed 200 OK in 45ms (Views: 0.1ms | ActiveRecord: 1.2ms | Allocations: 9918)


Started GET "/prompts" for ::1 at 2020-11-23 22:26:06 -0500
Started GET "/moods" for ::1 at 2020-11-23 22:26:06 -0500
Processing by PromptsController#index as HTML
Processing by MoodsController#index as HTML
  [1m[36mPrompt Load (2.5ms)[0m  [1m[34mSELECT "prompts".* FROM "prompts"[0m
  ↳ app/controllers/prompts_controller.rb:4:in `index'
  [1m[36mMood Load (28.9ms)[0m  [1m[34mSELECT "moods".* FROM "moods"[0m
Completed 200 OK in 33ms (Views: 0.1ms | ActiveRecord: 2.5ms | Allocations: 5037)


  ↳ app/controllers/moods_controller.rb:4:in `index'
Completed 200 OK in 36ms (Views: 0.1ms | ActiveRecord: 28.9ms | Allocations: 10031)


Started GET "/prompts" for ::1 at 2020-11-23 22:26:12 -0500
Started GET "/moods" for ::1 at 2020-11-23 22:26:12 -0500
Processing by PromptsController#index as HTML
Processing by MoodsController#index as HTML
  [1m[36mPrompt Load (0.7ms)[0m  [1m[34mSELECT "prompts".* FROM "prompts"[0m
  ↳ app/controllers/prompts_controller.rb:4:in `index'
  [1m[36mMood Load (1.3ms)[0m  [1m[34mSELECT "moods".* FROM "moods"[0m
Completed 200 OK in 8ms (Views: 0.2ms | ActiveRecord: 0.7ms | Allocations: 4810)


  ↳ app/controllers/moods_controller.rb:4:in `index'
Completed 200 OK in 15ms (Views: 0.2ms | ActiveRecord: 1.3ms | Allocations: 9933)


Started GET "/prompts" for ::1 at 2020-11-23 22:32:46 -0500
Started GET "/moods" for ::1 at 2020-11-23 22:32:46 -0500
Processing by MoodsController#index as HTML
Processing by PromptsController#index as HTML
  [1m[36mMood Load (0.7ms)[0m  [1m[34mSELECT "moods".* FROM "moods"[0m
  ↳ app/controllers/moods_controller.rb:4:in `index'
  [1m[36mPrompt Load (1.0ms)[0m  [1m[34mSELECT "prompts".* FROM "prompts"[0m
Completed 200 OK in 7ms (Views: 0.1ms | ActiveRecord: 0.7ms | Allocations: 5258)


  ↳ app/controllers/prompts_controller.rb:4:in `index'
Completed 200 OK in 15ms (Views: 0.1ms | ActiveRecord: 1.0ms | Allocations: 10046)


Started GET "/prompts" for ::1 at 2020-11-23 22:32:55 -0500
Started GET "/moods" for ::1 at 2020-11-23 22:32:55 -0500
Processing by PromptsController#index as HTML
Processing by MoodsController#index as HTML
  [1m[36mPrompt Load (5.0ms)[0m  [1m[34mSELECT "prompts".* FROM "prompts"[0m
  [1m[36mMood Load (4.1ms)[0m  [1m[34mSELECT "moods".* FROM "moods"[0m
  ↳ app/controllers/prompts_controller.rb:4:in `index'
  ↳ app/controllers/moods_controller.rb:4:in `index'
Completed 200 OK in 11ms (Views: 0.1ms | ActiveRecord: 5.0ms | Allocations: 5291)


Completed 200 OK in 15ms (Views: 0.1ms | ActiveRecord: 4.1ms | Allocations: 9723)


